# JRE version: OpenJDK Runtime Environment Temurin-17.0.11+9 (17.0.11+9) (build 17.0.11+9)
# Java VM: OpenJDK 64-Bit Server VM Temurin-17.0.11+9 (17.0.11+9, mixed mode, emulated-client, tiered, compressed oops, compressed class ptrs, g1 gc, windows-amd64)
GC Precious Log:
 CPUs: 12 total, 12 available
 Memory: 15694M
 Large Page Support: Disabled
 NUMA Support: Disabled
 Compressed Oops: Enabled (32-bit)
 Heap Region Size: 1M
 Heap Min Capacity: 8M
 Heap Initial Capacity: 246M
 Heap Max Capacity: 1G
 Pre-touch: Disabled
 Parallel Workers: 10
 Concurrent Workers: 3
 Concurrent Refinement Workers: 10
 Periodic GC: Disabled
Heap:
 garbage-first heap   total 98304K, used 41978K [0x00000000c0000000, 0x0000000100000000)
  region size 1024K, 5 young (5120K), 0 survivors (0K)
 Metaspace       used 58158K, committed 58880K, reserved 1114112K
  class space    used 7214K, committed 7488K, reserved 1048576K
GC Heap History (20 events):
Event: 75.707 GC heap after
{Heap after GC invocations=15 (full 2):
 garbage-first heap   total 98304K, used 41336K [0x00000000c0000000, 0x0000000100000000)
  region size 1024K, 0 young (0K), 0 survivors (0K)
 Metaspace       used 58289K, committed 58816K, reserved 1114112K
  class space    used 7238K, committed 7488K, reserved 1048576K
}
Event: 85.908 GC heap before
{Heap before GC invocations=15 (full 2):
 garbage-first heap   total 98304K, used 41336K [0x00000000c0000000, 0x0000000100000000)
  region size 1024K, 1 young (1024K), 0 survivors (0K)
 Metaspace       used 58289K, committed 58816K, reserved 1114112K
  class space    used 7238K, committed 7488K, reserved 1048576K
}
Event: 85.958 GC heap after
{Heap after GC invocations=16 (full 3):
 garbage-first heap   total 98304K, used 37437K [0x00000000c0000000, 0x0000000100000000)
  region size 1024K, 0 young (0K), 0 survivors (0K)
 Metaspace       used 58072K, committed 58816K, reserved 1114112K
  class space    used 7189K, committed 7488K, reserved 1048576K
}
Event: 96.161 GC heap before
{Heap before GC invocations=16 (full 3):
 garbage-first heap   total 98304K, used 37437K [0x00000000c0000000, 0x0000000100000000)
  region size 1024K, 1 young (1024K), 0 survivors (0K)
 Metaspace       used 58072K, committed 58816K, reserved 1114112K
  class space    used 7189K, committed 7488K, reserved 1048576K
}
Event: 96.207 GC heap after
{Heap after GC invocations=17 (full 4):
 garbage-first heap   total 98304K, used 37437K [0x00000000c0000000, 0x0000000100000000)
  region size 1024K, 0 young (0K), 0 survivors (0K)
 Metaspace       used 58072K, committed 58816K, reserved 1114112K
  class space    used 7189K, committed 7488K, reserved 1048576K
}
Event: 106.388 GC heap before
{Heap before GC invocations=17 (full 4):
 garbage-first heap   total 98304K, used 37437K [0x00000000c0000000, 0x0000000100000000)
  region size 1024K, 1 young (1024K), 0 survivors (0K)
 Metaspace       used 58072K, committed 58816K, reserved 1114112K
  class space    used 7189K, committed 7488K, reserved 1048576K
}
Event: 106.433 GC heap after
{Heap after GC invocations=18 (full 5):
 garbage-first heap   total 98304K, used 37437K [0x00000000c0000000, 0x0000000100000000)
  region size 1024K, 0 young (0K), 0 survivors (0K)
 Metaspace       used 58072K, committed 58816K, reserved 1114112K
  class space    used 7189K, committed 7488K, reserved 1048576K
}
Event: 116.627 GC heap before
{Heap before GC invocations=18 (full 5):
 garbage-first heap   total 98304K, used 37437K [0x00000000c0000000, 0x0000000100000000)
  region size 1024K, 1 young (1024K), 0 survivors (0K)
 Metaspace       used 58072K, committed 58816K, reserved 1114112K
  class space    used 7189K, committed 7488K, reserved 1048576K
}
Event: 116.677 GC heap after
{Heap after GC invocations=19 (full 6):
 garbage-first heap   total 98304K, used 37437K [0x00000000c0000000, 0x0000000100000000)
  region size 1024K, 0 young (0K), 0 survivors (0K)
 Metaspace       used 58072K, committed 58816K, reserved 1114112K
  class space    used 7189K, committed 7488K, reserved 1048576K
}
Event: 126.820 GC heap before
{Heap before GC invocations=19 (full 6):
 garbage-first heap   total 98304K, used 37437K [0x00000000c0000000, 0x0000000100000000)
  region size 1024K, 1 young (1024K), 0 survivors (0K)
 Metaspace       used 58072K, committed 58816K, reserved 1114112K
  class space    used 7189K, committed 7488K, reserved 1048576K
}
Event: 126.857 GC heap after
{Heap after GC invocations=20 (full 7):
 garbage-first heap   total 98304K, used 37437K [0x00000000c0000000, 0x0000000100000000)
  region size 1024K, 0 young (0K), 0 survivors (0K)
 Metaspace       used 58072K, committed 58816K, reserved 1114112K
  class space    used 7189K, committed 7488K, reserved 1048576K
}
Event: 197.056 GC heap before
{Heap before GC invocations=20 (full 7):
 garbage-first heap   total 98304K, used 47677K [0x00000000c0000000, 0x0000000100000000)
  region size 1024K, 11 young (11264K), 0 survivors (0K)
 Metaspace       used 58130K, committed 58816K, reserved 1114112K
  class space    used 7209K, committed 7488K, reserved 1048576K
}
Event: 197.114 GC heap after
{Heap after GC invocations=21 (full 8):
 garbage-first heap   total 98304K, used 38673K [0x00000000c0000000, 0x0000000100000000)
  region size 1024K, 0 young (0K), 0 survivors (0K)
 Metaspace       used 58130K, committed 58816K, reserved 1114112K
  class space    used 7209K, committed 7488K, reserved 1048576K
}
Event: 207.324 GC heap before
{Heap before GC invocations=21 (full 8):
 garbage-first heap   total 98304K, used 38673K [0x00000000c0000000, 0x0000000100000000)
  region size 1024K, 1 young (1024K), 0 survivors (0K)
 Metaspace       used 58130K, committed 58816K, reserved 1114112K
  class space    used 7209K, committed 7488K, reserved 1048576K
}
Event: 207.374 GC heap after
{Heap after GC invocations=22 (full 9):
 garbage-first heap   total 98304K, used 37526K [0x00000000c0000000, 0x0000000100000000)
  region size 1024K, 0 young (0K), 0 survivors (0K)
 Metaspace       used 58125K, committed 58816K, reserved 1114112K
  class space    used 7207K, committed 7488K, reserved 1048576K
}
Event: 217.520 GC heap before
{Heap before GC invocations=22 (full 9):
 garbage-first heap   total 98304K, used 37526K [0x00000000c0000000, 0x0000000100000000)
  region size 1024K, 1 young (1024K), 0 survivors (0K)
 Metaspace       used 58125K, committed 58816K, reserved 1114112K
  class space    used 7207K, committed 7488K, reserved 1048576K
}
Event: 217.560 GC heap after
{Heap after GC invocations=23 (full 10):
 garbage-first heap   total 98304K, used 37526K [0x00000000c0000000, 0x0000000100000000)
  region size 1024K, 0 young (0K), 0 survivors (0K)
 Metaspace       used 58125K, committed 58816K, reserved 1114112K
  class space    used 7207K, committed 7488K, reserved 1048576K
}
Event: 227.726 GC heap before
{Heap before GC invocations=23 (full 10):
 garbage-first heap   total 98304K, used 37526K [0x00000000c0000000, 0x0000000100000000)
  region size 1024K, 1 young (1024K), 0 survivors (0K)
 Metaspace       used 58125K, committed 58816K, reserved 1114112K
  class space    used 7207K, committed 7488K, reserved 1048576K
}
Event: 227.765 GC heap after
{Heap after GC invocations=24 (full 11):
 garbage-first heap   total 98304K, used 37525K [0x00000000c0000000, 0x0000000100000000)
  region size 1024K, 0 young (0K), 0 survivors (0K)
 Metaspace       used 58125K, committed 58816K, reserved 1114112K
  class space    used 7207K, committed 7488K, reserved 1048576K
}
Event: 317.999 GC heap before
{Heap before GC invocations=24 (full 11):
 garbage-first heap   total 98304K, used 41621K [0x00000000c0000000, 0x0000000100000000)
  region size 1024K, 5 young (5120K), 0 survivors (0K)
 Metaspace       used 58158K, committed 58880K, reserved 1114112K
  class space    used 7214K, committed 7488K, reserved 1048576K
}

